<?xml version="1.0" encoding="UTF-8"?>
<testng-results ignored="0" total="1" passed="1" failed="0" skipped="0">
  <reporter-output>
  </reporter-output>
  <suite started-at="2020-06-12T15:00:30 EDT" name="Default suite" finished-at="2020-06-12T15:00:50 EDT" duration-ms="19162">
    <groups>
    </groups>
    <test started-at="2020-06-12T15:00:30 EDT" name="Default test" finished-at="2020-06-12T15:00:50 EDT" duration-ms="19162">
      <class name="com.demoaut.newtours.TestScripts.VerifyInvalidLoginTest">
        <test-method is-config="true" signature="openApplication()[pri:0, instance:com.demoaut.newtours.TestScripts.VerifyInvalidLoginTest@2a266d09]" started-at="2020-06-12T15:00:30 EDT" name="openApplication" finished-at="2020-06-12T15:00:36 EDT" duration-ms="5987" status="PASS">
          <reporter-output>
          </reporter-output>
        </test-method> <!-- openApplication -->
        <test-method signature="verifyInvalidLogin()[pri:0, instance:com.demoaut.newtours.TestScripts.VerifyInvalidLoginTest@2a266d09]" started-at="2020-06-12T15:00:36 EDT" name="verifyInvalidLogin" finished-at="2020-06-12T15:00:49 EDT" duration-ms="12979" status="PASS">
          <reporter-output>
          </reporter-output>
        </test-method> <!-- verifyInvalidLogin -->
        <test-method is-config="true" signature="closeApplication()[pri:0, instance:com.demoaut.newtours.TestScripts.VerifyInvalidLoginTest@2a266d09]" started-at="2020-06-12T15:00:49 EDT" name="closeApplication" finished-at="2020-06-12T15:00:50 EDT" duration-ms="148" status="PASS">
          <reporter-output>
          </reporter-output>
        </test-method> <!-- closeApplication -->
      </class> <!-- com.demoaut.newtours.TestScripts.VerifyInvalidLoginTest -->
    </test> <!-- Default test -->
  </suite> <!-- Default suite -->
</testng-results>
